<?xml version="1.0" encoding="UTF-8"?>
<coverage generated="1649969135331" clover="3.2.0">
  <project timestamp="1649969135332" name="All files">
    <metrics statements="161" coveredstatements="103" conditionals="55" coveredconditionals="18" methods="45" coveredmethods="21" elements="261" coveredelements="142" complexity="0" loc="161" ncloc="161" packages="17" files="37" classes="37"/>
    <package name="components">
      <metrics statements="0" coveredstatements="0" conditionals="0" coveredconditionals="0" methods="0" coveredmethods="0"/>
      <file name="index.ts" path="/Users/alanlima/Documents/projetoPet/mobile/src/components/index.ts">
        <metrics statements="0" coveredstatements="0" conditionals="0" coveredconditionals="0" methods="0" coveredmethods="0"/>
      </file>
    </package>
    <package name="components.PPAlert">
      <metrics statements="14" coveredstatements="12" conditionals="6" coveredconditionals="2" methods="5" coveredmethods="3"/>
      <file name="PPAlert.style.ts" path="/Users/alanlima/Documents/projetoPet/mobile/src/components/PPAlert/PPAlert.style.ts">
        <metrics statements="2" coveredstatements="2" conditionals="0" coveredconditionals="0" methods="1" coveredmethods="1"/>
        <line num="14" count="2" type="stmt"/>
        <line num="15" count="6" type="stmt"/>
      </file>
      <file name="PPAlert.tsx" path="/Users/alanlima/Documents/projetoPet/mobile/src/components/PPAlert/PPAlert.tsx">
        <metrics statements="12" coveredstatements="10" conditionals="6" coveredconditionals="2" methods="4" coveredmethods="2"/>
        <line num="15" count="2" type="stmt"/>
        <line num="16" count="6" type="stmt"/>
        <line num="18" count="6" type="stmt"/>
        <line num="20" count="6" type="stmt"/>
        <line num="22" count="6" type="stmt"/>
        <line num="23" count="6" type="stmt"/>
        <line num="25" count="6" type="stmt"/>
        <line num="26" count="0" type="stmt"/>
        <line num="38" count="0" type="cond" truecount="0" falsecount="2"/>
        <line num="42" count="6" type="stmt"/>
        <line num="43" count="6" type="stmt"/>
        <line num="57" count="6" type="stmt"/>
      </file>
    </package>
    <package name="components.PPButton">
      <metrics statements="5" coveredstatements="5" conditionals="6" coveredconditionals="5" methods="2" coveredmethods="2"/>
      <file name="PPButton.style.ts" path="/Users/alanlima/Documents/projetoPet/mobile/src/components/PPButton/PPButton.style.ts">
        <metrics statements="2" coveredstatements="2" conditionals="0" coveredconditionals="0" methods="1" coveredmethods="1"/>
        <line num="9" count="2" type="stmt"/>
        <line num="10" count="6" type="stmt"/>
      </file>
      <file name="PPButton.tsx" path="/Users/alanlima/Documents/projetoPet/mobile/src/components/PPButton/PPButton.tsx">
        <metrics statements="3" coveredstatements="3" conditionals="6" coveredconditionals="5" methods="1" coveredmethods="1"/>
        <line num="14" count="2" type="stmt"/>
        <line num="21" count="6" type="stmt"/>
        <line num="23" count="6" type="stmt"/>
      </file>
    </package>
    <package name="components.PPHeader">
      <metrics statements="10" coveredstatements="3" conditionals="4" coveredconditionals="0" methods="5" coveredmethods="0"/>
      <file name="PPHeader.style.ts" path="/Users/alanlima/Documents/projetoPet/mobile/src/components/PPHeader/PPHeader.style.ts">
        <metrics statements="2" coveredstatements="1" conditionals="0" coveredconditionals="0" methods="1" coveredmethods="0"/>
        <line num="12" count="2" type="stmt"/>
        <line num="13" count="0" type="stmt"/>
      </file>
      <file name="PPHeader.tsx" path="/Users/alanlima/Documents/projetoPet/mobile/src/components/PPHeader/PPHeader.tsx">
        <metrics statements="8" coveredstatements="2" conditionals="4" coveredconditionals="0" methods="4" coveredmethods="0"/>
        <line num="12" count="2" type="stmt"/>
        <line num="13" count="0" type="stmt"/>
        <line num="15" count="0" type="stmt"/>
        <line num="27" count="2" type="stmt"/>
        <line num="32" count="0" type="stmt"/>
        <line num="34" count="0" type="stmt"/>
        <line num="42" count="0" type="stmt"/>
        <line num="48" count="0" type="stmt"/>
      </file>
    </package>
    <package name="components.PPIcon">
      <metrics statements="2" coveredstatements="1" conditionals="0" coveredconditionals="0" methods="1" coveredmethods="0"/>
      <file name="PPIcon.tsx" path="/Users/alanlima/Documents/projetoPet/mobile/src/components/PPIcon/PPIcon.tsx">
        <metrics statements="2" coveredstatements="1" conditionals="0" coveredconditionals="0" methods="1" coveredmethods="0"/>
        <line num="9" count="2" type="stmt"/>
        <line num="10" count="0" type="stmt"/>
      </file>
    </package>
    <package name="components.PPInput">
      <metrics statements="5" coveredstatements="2" conditionals="0" coveredconditionals="0" methods="2" coveredmethods="0"/>
      <file name="PPInput.style.ts" path="/Users/alanlima/Documents/projetoPet/mobile/src/components/PPInput/PPInput.style.ts">
        <metrics statements="2" coveredstatements="1" conditionals="0" coveredconditionals="0" methods="1" coveredmethods="0"/>
        <line num="9" count="2" type="stmt"/>
        <line num="10" count="0" type="stmt"/>
      </file>
      <file name="PPInput.tsx" path="/Users/alanlima/Documents/projetoPet/mobile/src/components/PPInput/PPInput.tsx">
        <metrics statements="3" coveredstatements="1" conditionals="0" coveredconditionals="0" methods="1" coveredmethods="0"/>
        <line num="8" count="2" type="stmt"/>
        <line num="9" count="0" type="stmt"/>
        <line num="11" count="0" type="stmt"/>
      </file>
    </package>
    <package name="components.PPLoading">
      <metrics statements="6" coveredstatements="2" conditionals="0" coveredconditionals="0" methods="2" coveredmethods="0"/>
      <file name="PPLoading.style.ts" path="/Users/alanlima/Documents/projetoPet/mobile/src/components/PPLoading/PPLoading.style.ts">
        <metrics statements="2" coveredstatements="1" conditionals="0" coveredconditionals="0" methods="1" coveredmethods="0"/>
        <line num="7" count="2" type="stmt"/>
        <line num="8" count="0" type="stmt"/>
      </file>
      <file name="PPLoading.tsx" path="/Users/alanlima/Documents/projetoPet/mobile/src/components/PPLoading/PPLoading.tsx">
        <metrics statements="4" coveredstatements="1" conditionals="0" coveredconditionals="0" methods="1" coveredmethods="0"/>
        <line num="6" count="2" type="stmt"/>
        <line num="7" count="0" type="stmt"/>
        <line num="8" count="0" type="stmt"/>
        <line num="10" count="0" type="stmt"/>
      </file>
    </package>
    <package name="components.PPScreen">
      <metrics statements="5" coveredstatements="2" conditionals="4" coveredconditionals="0" methods="2" coveredmethods="0"/>
      <file name="PPScreen.style.ts" path="/Users/alanlima/Documents/projetoPet/mobile/src/components/PPScreen/PPScreen.style.ts">
        <metrics statements="2" coveredstatements="1" conditionals="0" coveredconditionals="0" methods="1" coveredmethods="0"/>
        <line num="9" count="2" type="stmt"/>
        <line num="10" count="0" type="stmt"/>
      </file>
      <file name="PPScreen.tsx" path="/Users/alanlima/Documents/projetoPet/mobile/src/components/PPScreen/PPScreen.tsx">
        <metrics statements="3" coveredstatements="1" conditionals="4" coveredconditionals="0" methods="1" coveredmethods="0"/>
        <line num="14" count="2" type="stmt"/>
        <line num="15" count="0" type="stmt"/>
        <line num="17" count="0" type="stmt"/>
      </file>
    </package>
    <package name="components.PPSectionHeader">
      <metrics statements="6" coveredstatements="2" conditionals="0" coveredconditionals="0" methods="2" coveredmethods="0"/>
      <file name="PPSectionHeader.style.ts" path="/Users/alanlima/Documents/projetoPet/mobile/src/components/PPSectionHeader/PPSectionHeader.style.ts">
        <metrics statements="2" coveredstatements="1" conditionals="0" coveredconditionals="0" methods="1" coveredmethods="0"/>
        <line num="8" count="2" type="stmt"/>
        <line num="11" count="0" type="stmt"/>
      </file>
      <file name="PPSectionHeader.tsx" path="/Users/alanlima/Documents/projetoPet/mobile/src/components/PPSectionHeader/PPSectionHeader.tsx">
        <metrics statements="4" coveredstatements="1" conditionals="0" coveredconditionals="0" methods="1" coveredmethods="0"/>
        <line num="11" count="2" type="stmt"/>
        <line num="15" count="0" type="stmt"/>
        <line num="16" count="0" type="stmt"/>
        <line num="18" count="0" type="stmt"/>
      </file>
    </package>
    <package name="components.PPText">
      <metrics statements="26" coveredstatements="15" conditionals="18" coveredconditionals="7" methods="4" coveredmethods="4"/>
      <file name="PPText.style.ts" path="/Users/alanlima/Documents/projetoPet/mobile/src/components/PPText/PPText.style.ts">
        <metrics statements="2" coveredstatements="2" conditionals="0" coveredconditionals="0" methods="1" coveredmethods="1"/>
        <line num="12" count="2" type="stmt"/>
        <line num="13" count="18" type="stmt"/>
      </file>
      <file name="PPText.tsx" path="/Users/alanlima/Documents/projetoPet/mobile/src/components/PPText/PPText.tsx">
        <metrics statements="24" coveredstatements="13" conditionals="18" coveredconditionals="7" methods="3" coveredmethods="3"/>
        <line num="34" count="2" type="stmt"/>
        <line num="42" count="18" type="stmt"/>
        <line num="43" count="18" type="stmt"/>
        <line num="44" count="18" type="stmt"/>
        <line num="46" count="18" type="stmt"/>
        <line num="47" count="18" type="cond" truecount="2" falsecount="5"/>
        <line num="49" count="0" type="stmt"/>
        <line num="51" count="0" type="stmt"/>
        <line num="53" count="12" type="stmt"/>
        <line num="55" count="0" type="stmt"/>
        <line num="57" count="6" type="stmt"/>
        <line num="59" count="0" type="stmt"/>
        <line num="61" count="0" type="stmt"/>
        <line num="65" count="18" type="stmt"/>
        <line num="66" count="18" type="cond" truecount="2" falsecount="6"/>
        <line num="68" count="0" type="stmt"/>
        <line num="70" count="0" type="stmt"/>
        <line num="72" count="6" type="stmt"/>
        <line num="74" count="0" type="stmt"/>
        <line num="76" count="12" type="stmt"/>
        <line num="78" count="0" type="stmt"/>
        <line num="80" count="0" type="stmt"/>
        <line num="82" count="0" type="stmt"/>
        <line num="86" count="18" type="stmt"/>
      </file>
    </package>
    <package name="contexts">
      <metrics statements="2" coveredstatements="2" conditionals="0" coveredconditionals="0" methods="1" coveredmethods="1"/>
      <file name="index.tsx" path="/Users/alanlima/Documents/projetoPet/mobile/src/contexts/index.tsx">
        <metrics statements="2" coveredstatements="2" conditionals="0" coveredconditionals="0" methods="1" coveredmethods="1"/>
        <line num="6" count="2" type="stmt"/>
        <line num="7" count="6" type="stmt"/>
      </file>
    </package>
    <package name="contexts.alert">
      <metrics statements="8" coveredstatements="6" conditionals="0" coveredconditionals="0" methods="3" coveredmethods="1"/>
      <file name="alertContext.ts" path="/Users/alanlima/Documents/projetoPet/mobile/src/contexts/alert/alertContext.ts">
        <metrics statements="1" coveredstatements="1" conditionals="0" coveredconditionals="0" methods="0" coveredmethods="0"/>
        <line num="4" count="2" type="stmt"/>
      </file>
      <file name="alertProvider.tsx" path="/Users/alanlima/Documents/projetoPet/mobile/src/contexts/alert/alertProvider.tsx">
        <metrics statements="7" coveredstatements="5" conditionals="0" coveredconditionals="0" methods="3" coveredmethods="1"/>
        <line num="6" count="2" type="stmt"/>
        <line num="7" count="6" type="stmt"/>
        <line num="11" count="6" type="stmt"/>
        <line num="12" count="0" type="stmt"/>
        <line num="15" count="6" type="stmt"/>
        <line num="16" count="0" type="stmt"/>
        <line num="19" count="6" type="stmt"/>
      </file>
    </package>
    <package name="contexts.auth">
      <metrics statements="6" coveredstatements="6" conditionals="0" coveredconditionals="0" methods="3" coveredmethods="1"/>
      <file name="authContext.ts" path="/Users/alanlima/Documents/projetoPet/mobile/src/contexts/auth/authContext.ts">
        <metrics statements="1" coveredstatements="1" conditionals="0" coveredconditionals="0" methods="0" coveredmethods="0"/>
        <line num="4" count="1" type="stmt"/>
      </file>
      <file name="authProvider.tsx" path="/Users/alanlima/Documents/projetoPet/mobile/src/contexts/auth/authProvider.tsx">
        <metrics statements="5" coveredstatements="5" conditionals="0" coveredconditionals="0" methods="3" coveredmethods="1"/>
        <line num="5" count="1" type="stmt"/>
        <line num="6" count="1" type="stmt"/>
        <line num="8" count="1" type="stmt"/>
        <line num="10" count="1" type="stmt"/>
        <line num="12" count="1" type="stmt"/>
      </file>
    </package>
    <package name="contexts.dimension">
      <metrics statements="20" coveredstatements="7" conditionals="8" coveredconditionals="0" methods="4" coveredmethods="1"/>
      <file name="dimensionContext.ts" path="/Users/alanlima/Documents/projetoPet/mobile/src/contexts/dimension/dimensionContext.ts">
        <metrics statements="1" coveredstatements="1" conditionals="0" coveredconditionals="0" methods="0" coveredmethods="0"/>
        <line num="4" count="2" type="stmt"/>
      </file>
      <file name="dimensionProvider.tsx" path="/Users/alanlima/Documents/projetoPet/mobile/src/contexts/dimension/dimensionProvider.tsx">
        <metrics statements="13" coveredstatements="5" conditionals="4" coveredconditionals="0" methods="3" coveredmethods="1"/>
        <line num="8" count="2" type="stmt"/>
        <line num="9" count="6" type="stmt"/>
        <line num="11" count="6" type="stmt"/>
        <line num="12" count="0" type="stmt"/>
        <line num="13" count="0" type="stmt"/>
        <line num="15" count="0" type="cond" truecount="0" falsecount="2"/>
        <line num="19" count="0" type="stmt"/>
        <line num="30" count="0" type="stmt"/>
        <line num="31" count="0" type="cond" truecount="0" falsecount="2"/>
        <line num="32" count="0" type="stmt"/>
        <line num="34" count="0" type="stmt"/>
        <line num="38" count="6" type="stmt"/>
        <line num="48" count="2" type="stmt"/>
      </file>
      <file name="helper.ts" path="/Users/alanlima/Documents/projetoPet/mobile/src/contexts/dimension/helper.ts">
        <metrics statements="6" coveredstatements="1" conditionals="4" coveredconditionals="0" methods="1" coveredmethods="0"/>
        <line num="3" count="2" type="stmt"/>
        <line num="4" count="0" type="cond" truecount="0" falsecount="2"/>
        <line num="5" count="0" type="stmt"/>
        <line num="6" count="0" type="cond" truecount="0" falsecount="2"/>
        <line num="7" count="0" type="stmt"/>
        <line num="9" count="0" type="stmt"/>
      </file>
      <file name="type.ts" path="/Users/alanlima/Documents/projetoPet/mobile/src/contexts/dimension/type.ts">
        <metrics statements="0" coveredstatements="0" conditionals="0" coveredconditionals="0" methods="0" coveredmethods="0"/>
      </file>
    </package>
    <package name="contexts.theme">
      <metrics statements="24" coveredstatements="18" conditionals="9" coveredconditionals="4" methods="5" coveredmethods="5"/>
      <file name="themeContext.ts" path="/Users/alanlima/Documents/projetoPet/mobile/src/contexts/theme/themeContext.ts">
        <metrics statements="1" coveredstatements="1" conditionals="0" coveredconditionals="0" methods="0" coveredmethods="0"/>
        <line num="4" count="2" type="stmt"/>
      </file>
      <file name="themeProvider.tsx" path="/Users/alanlima/Documents/projetoPet/mobile/src/contexts/theme/themeProvider.tsx">
        <metrics statements="23" coveredstatements="17" conditionals="9" coveredconditionals="4" methods="5" coveredmethods="5"/>
        <line num="8" count="2" type="stmt"/>
        <line num="9" count="6" type="stmt"/>
        <line num="11" count="6" type="stmt"/>
        <line num="12" count="6" type="cond" truecount="1" falsecount="2"/>
        <line num="14" count="6" type="stmt"/>
        <line num="16" count="0" type="stmt"/>
        <line num="18" count="0" type="stmt"/>
        <line num="22" count="6" type="stmt"/>
        <line num="24" count="6" type="stmt"/>
        <line num="27" count="6" type="stmt"/>
        <line num="29" count="6" type="stmt"/>
        <line num="30" count="6" type="cond" truecount="1" falsecount="1"/>
        <line num="31" count="0" type="stmt"/>
        <line num="33" count="6" type="cond" truecount="1" falsecount="1"/>
        <line num="34" count="0" type="stmt"/>
        <line num="36" count="6" type="cond" truecount="1" falsecount="1"/>
        <line num="37" count="6" type="stmt"/>
        <line num="38" count="6" type="stmt"/>
        <line num="40" count="0" type="stmt"/>
        <line num="41" count="0" type="stmt"/>
        <line num="45" count="6" type="stmt"/>
        <line num="46" count="6" type="stmt"/>
        <line num="49" count="6" type="stmt"/>
      </file>
    </package>
    <package name="contexts.theme.themes">
      <metrics statements="8" coveredstatements="8" conditionals="0" coveredconditionals="0" methods="0" coveredmethods="0"/>
      <file name="dark.ts" path="/Users/alanlima/Documents/projetoPet/mobile/src/contexts/theme/themes/dark.ts">
        <metrics statements="4" coveredstatements="4" conditionals="0" coveredconditionals="0" methods="0" coveredmethods="0"/>
        <line num="7" count="2" type="stmt"/>
        <line num="35" count="2" type="stmt"/>
        <line num="46" count="2" type="stmt"/>
        <line num="56" count="2" type="stmt"/>
      </file>
      <file name="index.ts" path="/Users/alanlima/Documents/projetoPet/mobile/src/contexts/theme/themes/index.ts">
        <metrics statements="0" coveredstatements="0" conditionals="0" coveredconditionals="0" methods="0" coveredmethods="0"/>
      </file>
      <file name="light.ts" path="/Users/alanlima/Documents/projetoPet/mobile/src/contexts/theme/themes/light.ts">
        <metrics statements="4" coveredstatements="4" conditionals="0" coveredconditionals="0" methods="0" coveredmethods="0"/>
        <line num="8" count="2" type="stmt"/>
        <line num="35" count="2" type="stmt"/>
        <line num="46" count="2" type="stmt"/>
        <line num="56" count="2" type="stmt"/>
      </file>
    </package>
    <package name="hooks">
      <metrics statements="14" coveredstatements="12" conditionals="0" coveredconditionals="0" methods="4" coveredmethods="3"/>
      <file name="index.ts" path="/Users/alanlima/Documents/projetoPet/mobile/src/hooks/index.ts">
        <metrics statements="0" coveredstatements="0" conditionals="0" coveredconditionals="0" methods="0" coveredmethods="0"/>
      </file>
      <file name="useAlert.ts" path="/Users/alanlima/Documents/projetoPet/mobile/src/hooks/useAlert.ts">
        <metrics statements="3" coveredstatements="1" conditionals="0" coveredconditionals="0" methods="1" coveredmethods="0"/>
        <line num="4" count="2" type="stmt"/>
        <line num="5" count="0" type="stmt"/>
        <line num="6" count="0" type="stmt"/>
      </file>
      <file name="useDimension.ts" path="/Users/alanlima/Documents/projetoPet/mobile/src/hooks/useDimension.ts">
        <metrics statements="3" coveredstatements="3" conditionals="0" coveredconditionals="0" methods="1" coveredmethods="1"/>
        <line num="4" count="2" type="stmt"/>
        <line num="5" count="30" type="stmt"/>
        <line num="6" count="30" type="stmt"/>
      </file>
      <file name="useStyle.ts" path="/Users/alanlima/Documents/projetoPet/mobile/src/hooks/useStyle.ts">
        <metrics statements="5" coveredstatements="5" conditionals="0" coveredconditionals="0" methods="1" coveredmethods="1"/>
        <line num="6" count="2" type="stmt"/>
        <line num="7" count="30" type="stmt"/>
        <line num="8" count="30" type="stmt"/>
        <line num="9" count="30" type="stmt"/>
        <line num="10" count="30" type="stmt"/>
      </file>
      <file name="useTheme.ts" path="/Users/alanlima/Documents/projetoPet/mobile/src/hooks/useTheme.ts">
        <metrics statements="3" coveredstatements="3" conditionals="0" coveredconditionals="0" methods="1" coveredmethods="1"/>
        <line num="4" count="2" type="stmt"/>
        <line num="5" count="54" type="stmt"/>
        <line num="6" count="54" type="stmt"/>
      </file>
    </package>
  </project>
</coverage>
