{"/Users/alanlima/Documents/projetoPet/mobile/src/components/index.ts": {"path":"/Users/alanlima/Documents/projetoPet/mobile/src/components/index.ts","statementMap":{},"fnMap":{},"branchMap":{},"s":{},"f":{},"b":{},"_coverageSchema":"1a1c01bbd47fc00a2c39e90264f33305004495a9","hash":"64075b49043bd0b8a25f75ee2b23356cd8cfb8d5"}
,"/Users/alanlima/Documents/projetoPet/mobile/src/components/PPAlert/PPAlert.style.ts": {"path":"/Users/alanlima/Documents/projetoPet/mobile/src/components/PPAlert/PPAlert.style.ts","statementMap":{"0":{"start":{"line":14,"column":28},"end":{"line":50,"column":1}},"1":{"start":{"line":15,"column":2},"end":{"line":49,"column":5}}},"fnMap":{"0":{"name":"(anonymous_0)","decl":{"start":{"line":14,"column":28},"end":{"line":14,"column":29}},"loc":{"start":{"line":14,"column":70},"end":{"line":50,"column":1}},"line":14}},"branchMap":{},"s":{"0":2,"1":6},"f":{"0":6},"b":{},"_coverageSchema":"1a1c01bbd47fc00a2c39e90264f33305004495a9","hash":"3f4e4b4659032bed184c20dcc8682353fe647250"}
,"/Users/alanlima/Documents/projetoPet/mobile/src/components/PPAlert/PPAlert.tsx": {"path":"/Users/alanlima/Documents/projetoPet/mobile/src/components/PPAlert/PPAlert.tsx","statementMap":{"0":{"start":{"line":15,"column":47},"end":{"line":92,"column":1}},"1":{"start":{"line":16,"column":48},"end":{"line":16,"column":53}},"2":{"start":{"line":18,"column":16},"end":{"line":18,"column":38}},"3":{"start":{"line":20,"column":20},"end":{"line":20,"column":30}},"4":{"start":{"line":22,"column":17},"end":{"line":22,"column":63}},"5":{"start":{"line":23,"column":18},"end":{"line":23,"column":61}},"6":{"start":{"line":25,"column":25},"end":{"line":40,"column":3}},"7":{"start":{"line":26,"column":4},"end":{"line":39,"column":7}},"8":{"start":{"line":38,"column":6},"end":{"line":38,"column":27}},"9":{"start":{"line":42,"column":2},"end":{"line":55,"column":33}},"10":{"start":{"line":43,"column":4},"end":{"line":54,"column":15}},"11":{"start":{"line":57,"column":2},"end":{"line":91,"column":4}}},"fnMap":{"0":{"name":"(anonymous_0)","decl":{"start":{"line":15,"column":47},"end":{"line":15,"column":48}},"loc":{"start":{"line":15,"column":58},"end":{"line":92,"column":1}},"line":15},"1":{"name":"(anonymous_1)","decl":{"start":{"line":25,"column":25},"end":{"line":25,"column":26}},"loc":{"start":{"line":25,"column":31},"end":{"line":40,"column":3}},"line":25},"2":{"name":"(anonymous_2)","decl":{"start":{"line":37,"column":13},"end":{"line":37,"column":14}},"loc":{"start":{"line":37,"column":19},"end":{"line":39,"column":5}},"line":37},"3":{"name":"(anonymous_3)","decl":{"start":{"line":42,"column":12},"end":{"line":42,"column":13}},"loc":{"start":{"line":42,"column":18},"end":{"line":55,"column":3}},"line":42}},"branchMap":{"0":{"loc":{"start":{"line":38,"column":6},"end":{"line":38,"column":26}},"type":"binary-expr","locations":[{"start":{"line":38,"column":6},"end":{"line":38,"column":13}},{"start":{"line":38,"column":17},"end":{"line":38,"column":26}}],"line":38},"1":{"loc":{"start":{"line":45,"column":17},"end":{"line":45,"column":35}},"type":"cond-expr","locations":[{"start":{"line":45,"column":27},"end":{"line":45,"column":28}},{"start":{"line":45,"column":31},"end":{"line":45,"column":35}}],"line":45},"2":{"loc":{"start":{"line":50,"column":17},"end":{"line":50,"column":32}},"type":"cond-expr","locations":[{"start":{"line":50,"column":27},"end":{"line":50,"column":28}},{"start":{"line":50,"column":31},"end":{"line":50,"column":32}}],"line":50}},"s":{"0":2,"1":6,"2":6,"3":6,"4":6,"5":6,"6":6,"7":0,"8":0,"9":6,"10":6,"11":6},"f":{"0":6,"1":0,"2":0,"3":6},"b":{"0":[0,0],"1":[0,6],"2":[0,6]},"_coverageSchema":"1a1c01bbd47fc00a2c39e90264f33305004495a9","hash":"221155f6d45d213f6196f48d8f8256dc6ccb19a3"}
,"/Users/alanlima/Documents/projetoPet/mobile/src/components/PPButton/PPButton.style.ts": {"path":"/Users/alanlima/Documents/projetoPet/mobile/src/components/PPButton/PPButton.style.ts","statementMap":{"0":{"start":{"line":9,"column":29},"end":{"line":28,"column":1}},"1":{"start":{"line":10,"column":2},"end":{"line":27,"column":5}}},"fnMap":{"0":{"name":"(anonymous_0)","decl":{"start":{"line":9,"column":29},"end":{"line":9,"column":30}},"loc":{"start":{"line":9,"column":72},"end":{"line":28,"column":1}},"line":9}},"branchMap":{},"s":{"0":2,"1":6},"f":{"0":6},"b":{},"_coverageSchema":"1a1c01bbd47fc00a2c39e90264f33305004495a9","hash":"355f561f34602422b69b3248864c94a45a5704b3"}
,"/Users/alanlima/Documents/projetoPet/mobile/src/components/PPButton/PPButton.tsx": {"path":"/Users/alanlima/Documents/projetoPet/mobile/src/components/PPButton/PPButton.tsx","statementMap":{"0":{"start":{"line":14,"column":49},"end":{"line":39,"column":1}},"1":{"start":{"line":21,"column":16},"end":{"line":21,"column":39}},"2":{"start":{"line":23,"column":2},"end":{"line":38,"column":4}}},"fnMap":{"0":{"name":"(anonymous_0)","decl":{"start":{"line":14,"column":49},"end":{"line":14,"column":50}},"loc":{"start":{"line":20,"column":6},"end":{"line":39,"column":1}},"line":20}},"branchMap":{"0":{"loc":{"start":{"line":30,"column":8},"end":{"line":30,"column":51}},"type":"cond-expr","locations":[{"start":{"line":30,"column":18},"end":{"line":30,"column":46}},{"start":{"line":30,"column":49},"end":{"line":30,"column":51}}],"line":30},"1":{"loc":{"start":{"line":31,"column":8},"end":{"line":31,"column":34}},"type":"binary-expr","locations":[{"start":{"line":31,"column":8},"end":{"line":31,"column":16}},{"start":{"line":31,"column":20},"end":{"line":31,"column":34}}],"line":31},"2":{"loc":{"start":{"line":34,"column":21},"end":{"line":34,"column":41}},"type":"binary-expr","locations":[{"start":{"line":34,"column":21},"end":{"line":34,"column":30}},{"start":{"line":34,"column":34},"end":{"line":34,"column":41}}],"line":34}},"s":{"0":2,"1":6,"2":6},"f":{"0":6},"b":{"0":[0,6],"1":[6,2],"2":[6,6]},"_coverageSchema":"1a1c01bbd47fc00a2c39e90264f33305004495a9","hash":"58b0e09e6066bfb5624665b841ba7910c52fce73"}
,"/Users/alanlima/Documents/projetoPet/mobile/src/components/PPHeader/PPHeader.style.ts": {"path":"/Users/alanlima/Documents/projetoPet/mobile/src/components/PPHeader/PPHeader.style.ts","statementMap":{"0":{"start":{"line":12,"column":29},"end":{"line":39,"column":1}},"1":{"start":{"line":13,"column":2},"end":{"line":38,"column":5}}},"fnMap":{"0":{"name":"(anonymous_0)","decl":{"start":{"line":12,"column":29},"end":{"line":12,"column":30}},"loc":{"start":{"line":12,"column":72},"end":{"line":39,"column":1}},"line":12}},"branchMap":{},"s":{"0":2,"1":0},"f":{"0":0},"b":{},"_coverageSchema":"1a1c01bbd47fc00a2c39e90264f33305004495a9","hash":"2ab05725b52627c706699ff25cd39d4cbdd745fb"}
,"/Users/alanlima/Documents/projetoPet/mobile/src/components/PPHeader/PPHeader.tsx": {"path":"/Users/alanlima/Documents/projetoPet/mobile/src/components/PPHeader/PPHeader.tsx","statementMap":{"0":{"start":{"line":12,"column":54},"end":{"line":20,"column":1}},"1":{"start":{"line":13,"column":16},"end":{"line":13,"column":39}},"2":{"start":{"line":15,"column":2},"end":{"line":19,"column":4}},"3":{"start":{"line":27,"column":49},"end":{"line":53,"column":1}},"4":{"start":{"line":32,"column":16},"end":{"line":32,"column":39}},"5":{"start":{"line":34,"column":2},"end":{"line":52,"column":4}},"6":{"start":{"line":42,"column":10},"end":{"line":42,"column":52}},"7":{"start":{"line":48,"column":10},"end":{"line":48,"column":52}}},"fnMap":{"0":{"name":"(anonymous_0)","decl":{"start":{"line":12,"column":54},"end":{"line":12,"column":55}},"loc":{"start":{"line":12,"column":77},"end":{"line":20,"column":1}},"line":12},"1":{"name":"(anonymous_1)","decl":{"start":{"line":27,"column":49},"end":{"line":27,"column":50}},"loc":{"start":{"line":31,"column":6},"end":{"line":53,"column":1}},"line":31},"2":{"name":"(anonymous_2)","decl":{"start":{"line":41,"column":26},"end":{"line":41,"column":27}},"loc":{"start":{"line":42,"column":10},"end":{"line":42,"column":52}},"line":42},"3":{"name":"(anonymous_3)","decl":{"start":{"line":47,"column":27},"end":{"line":47,"column":28}},"loc":{"start":{"line":48,"column":10},"end":{"line":48,"column":52}},"line":48}},"branchMap":{"0":{"loc":{"start":{"line":17,"column":30},"end":{"line":17,"column":45}},"type":"binary-expr","locations":[{"start":{"line":17,"column":30},"end":{"line":17,"column":39}},{"start":{"line":17,"column":43},"end":{"line":17,"column":45}}],"line":17},"1":{"loc":{"start":{"line":17,"column":54},"end":{"line":17,"column":75}},"type":"binary-expr","locations":[{"start":{"line":17,"column":54},"end":{"line":17,"column":64}},{"start":{"line":17,"column":68},"end":{"line":17,"column":75}}],"line":17}},"s":{"0":2,"1":0,"2":0,"3":2,"4":0,"5":0,"6":0,"7":0},"f":{"0":0,"1":0,"2":0,"3":0},"b":{"0":[0,0],"1":[0,0]},"_coverageSchema":"1a1c01bbd47fc00a2c39e90264f33305004495a9","hash":"6955c75c72f1080da235377b5173d8e5e441a6a3"}
,"/Users/alanlima/Documents/projetoPet/mobile/src/components/PPIcon/PPIcon.tsx": {"path":"/Users/alanlima/Documents/projetoPet/mobile/src/components/PPIcon/PPIcon.tsx","statementMap":{"0":{"start":{"line":9,"column":45},"end":{"line":11,"column":1}},"1":{"start":{"line":10,"column":2},"end":{"line":10,"column":59}}},"fnMap":{"0":{"name":"(anonymous_0)","decl":{"start":{"line":9,"column":45},"end":{"line":9,"column":46}},"loc":{"start":{"line":9,"column":72},"end":{"line":11,"column":1}},"line":9}},"branchMap":{},"s":{"0":2,"1":0},"f":{"0":0},"b":{},"_coverageSchema":"1a1c01bbd47fc00a2c39e90264f33305004495a9","hash":"4f3bb0f80aea21b18625780ec9a7d40e1bca8f65"}
,"/Users/alanlima/Documents/projetoPet/mobile/src/components/PPInput/PPInput.style.ts": {"path":"/Users/alanlima/Documents/projetoPet/mobile/src/components/PPInput/PPInput.style.ts","statementMap":{"0":{"start":{"line":9,"column":28},"end":{"line":24,"column":1}},"1":{"start":{"line":10,"column":2},"end":{"line":23,"column":5}}},"fnMap":{"0":{"name":"(anonymous_0)","decl":{"start":{"line":9,"column":28},"end":{"line":9,"column":29}},"loc":{"start":{"line":9,"column":70},"end":{"line":24,"column":1}},"line":9}},"branchMap":{},"s":{"0":2,"1":0},"f":{"0":0},"b":{},"_coverageSchema":"1a1c01bbd47fc00a2c39e90264f33305004495a9","hash":"76f4c369eb30be65470b11dcfaa88c175c30c34f"}
,"/Users/alanlima/Documents/projetoPet/mobile/src/components/PPInput/PPInput.tsx": {"path":"/Users/alanlima/Documents/projetoPet/mobile/src/components/PPInput/PPInput.tsx","statementMap":{"0":{"start":{"line":8,"column":47},"end":{"line":16,"column":1}},"1":{"start":{"line":9,"column":16},"end":{"line":9,"column":38}},"2":{"start":{"line":11,"column":2},"end":{"line":15,"column":4}}},"fnMap":{"0":{"name":"(anonymous_0)","decl":{"start":{"line":8,"column":47},"end":{"line":8,"column":48}},"loc":{"start":{"line":8,"column":64},"end":{"line":16,"column":1}},"line":8}},"branchMap":{},"s":{"0":2,"1":0,"2":0},"f":{"0":0},"b":{},"_coverageSchema":"1a1c01bbd47fc00a2c39e90264f33305004495a9","hash":"178deecc08f3dcbe3977acdeffc92a87194f02ae"}
,"/Users/alanlima/Documents/projetoPet/mobile/src/components/PPLoading/PPLoading.style.ts": {"path":"/Users/alanlima/Documents/projetoPet/mobile/src/components/PPLoading/PPLoading.style.ts","statementMap":{"0":{"start":{"line":7,"column":30},"end":{"line":15,"column":1}},"1":{"start":{"line":8,"column":2},"end":{"line":14,"column":5}}},"fnMap":{"0":{"name":"(anonymous_0)","decl":{"start":{"line":7,"column":30},"end":{"line":7,"column":31}},"loc":{"start":{"line":7,"column":57},"end":{"line":15,"column":1}},"line":7}},"branchMap":{},"s":{"0":2,"1":0},"f":{"0":0},"b":{},"_coverageSchema":"1a1c01bbd47fc00a2c39e90264f33305004495a9","hash":"6fb1f6c25a99b2e4f269140bde05e05667e90008"}
,"/Users/alanlima/Documents/projetoPet/mobile/src/components/PPLoading/PPLoading.tsx": {"path":"/Users/alanlima/Documents/projetoPet/mobile/src/components/PPLoading/PPLoading.tsx","statementMap":{"0":{"start":{"line":6,"column":35},"end":{"line":15,"column":1}},"1":{"start":{"line":7,"column":16},"end":{"line":7,"column":40}},"2":{"start":{"line":8,"column":20},"end":{"line":8,"column":30}},"3":{"start":{"line":10,"column":2},"end":{"line":14,"column":4}}},"fnMap":{"0":{"name":"(anonymous_0)","decl":{"start":{"line":6,"column":35},"end":{"line":6,"column":36}},"loc":{"start":{"line":6,"column":41},"end":{"line":15,"column":1}},"line":6}},"branchMap":{},"s":{"0":2,"1":0,"2":0,"3":0},"f":{"0":0},"b":{},"_coverageSchema":"1a1c01bbd47fc00a2c39e90264f33305004495a9","hash":"4b13f402ae0a87413d2819e4d09db3185141ee24"}
,"/Users/alanlima/Documents/projetoPet/mobile/src/components/PPScreen/PPScreen.style.ts": {"path":"/Users/alanlima/Documents/projetoPet/mobile/src/components/PPScreen/PPScreen.style.ts","statementMap":{"0":{"start":{"line":9,"column":29},"end":{"line":20,"column":1}},"1":{"start":{"line":10,"column":2},"end":{"line":19,"column":5}}},"fnMap":{"0":{"name":"(anonymous_0)","decl":{"start":{"line":9,"column":29},"end":{"line":9,"column":30}},"loc":{"start":{"line":9,"column":72},"end":{"line":20,"column":1}},"line":9}},"branchMap":{},"s":{"0":2,"1":0},"f":{"0":0},"b":{},"_coverageSchema":"1a1c01bbd47fc00a2c39e90264f33305004495a9","hash":"8ac21f7f80ff9556aa92273c01833a0735992514"}
,"/Users/alanlima/Documents/projetoPet/mobile/src/components/PPScreen/PPScreen.tsx": {"path":"/Users/alanlima/Documents/projetoPet/mobile/src/components/PPScreen/PPScreen.tsx","statementMap":{"0":{"start":{"line":14,"column":44},"end":{"line":29,"column":1}},"1":{"start":{"line":15,"column":16},"end":{"line":15,"column":39}},"2":{"start":{"line":17,"column":2},"end":{"line":28,"column":4}}},"fnMap":{"0":{"name":"(anonymous_0)","decl":{"start":{"line":14,"column":44},"end":{"line":14,"column":45}},"loc":{"start":{"line":14,"column":79},"end":{"line":29,"column":1}},"line":14}},"branchMap":{"0":{"loc":{"start":{"line":19,"column":7},"end":{"line":19,"column":41}},"type":"binary-expr","locations":[{"start":{"line":19,"column":7},"end":{"line":19,"column":13}},{"start":{"line":19,"column":17},"end":{"line":19,"column":41}}],"line":19},"1":{"loc":{"start":{"line":20,"column":7},"end":{"line":26,"column":7}},"type":"cond-expr","locations":[{"start":{"line":21,"column":8},"end":{"line":21,"column":21}},{"start":{"line":23,"column":8},"end":{"line":25,"column":26}}],"line":20}},"s":{"0":2,"1":0,"2":0},"f":{"0":0},"b":{"0":[0,0],"1":[0,0]},"_coverageSchema":"1a1c01bbd47fc00a2c39e90264f33305004495a9","hash":"7aa622b3e21f69be5139c7bf7abfa9690b5982a0"}
,"/Users/alanlima/Documents/projetoPet/mobile/src/components/PPSectionHeader/PPSectionHeader.style.ts": {"path":"/Users/alanlima/Documents/projetoPet/mobile/src/components/PPSectionHeader/PPSectionHeader.style.ts","statementMap":{"0":{"start":{"line":8,"column":36},"end":{"line":17,"column":1}},"1":{"start":{"line":11,"column":2},"end":{"line":16,"column":5}}},"fnMap":{"0":{"name":"(anonymous_0)","decl":{"start":{"line":8,"column":36},"end":{"line":8,"column":37}},"loc":{"start":{"line":10,"column":32},"end":{"line":17,"column":1}},"line":10}},"branchMap":{},"s":{"0":2,"1":0},"f":{"0":0},"b":{},"_coverageSchema":"1a1c01bbd47fc00a2c39e90264f33305004495a9","hash":"cf1f1f78d95cc42e5b31a4115d4b80ef5844696d"}
,"/Users/alanlima/Documents/projetoPet/mobile/src/components/PPSectionHeader/PPSectionHeader.tsx": {"path":"/Users/alanlima/Documents/projetoPet/mobile/src/components/PPSectionHeader/PPSectionHeader.tsx","statementMap":{"0":{"start":{"line":11,"column":62},"end":{"line":38,"column":1}},"1":{"start":{"line":15,"column":16},"end":{"line":15,"column":46}},"2":{"start":{"line":16,"column":20},"end":{"line":16,"column":30}},"3":{"start":{"line":18,"column":2},"end":{"line":37,"column":4}}},"fnMap":{"0":{"name":"(anonymous_0)","decl":{"start":{"line":11,"column":62},"end":{"line":11,"column":63}},"loc":{"start":{"line":14,"column":6},"end":{"line":38,"column":1}},"line":14}},"branchMap":{},"s":{"0":2,"1":0,"2":0,"3":0},"f":{"0":0},"b":{},"_coverageSchema":"1a1c01bbd47fc00a2c39e90264f33305004495a9","hash":"a5fea8fcad1a83584995f8fb6be8f810238b92a1"}
,"/Users/alanlima/Documents/projetoPet/mobile/src/components/PPText/PPText.style.ts": {"path":"/Users/alanlima/Documents/projetoPet/mobile/src/components/PPText/PPText.style.ts","statementMap":{"0":{"start":{"line":12,"column":27},"end":{"line":21,"column":1}},"1":{"start":{"line":13,"column":2},"end":{"line":20,"column":5}}},"fnMap":{"0":{"name":"(anonymous_0)","decl":{"start":{"line":12,"column":27},"end":{"line":12,"column":28}},"loc":{"start":{"line":12,"column":51},"end":{"line":21,"column":1}},"line":12}},"branchMap":{},"s":{"0":2,"1":18},"f":{"0":18},"b":{},"_coverageSchema":"1a1c01bbd47fc00a2c39e90264f33305004495a9","hash":"b7e2243323072cb415bf67863f6e720a078af259"}
,"/Users/alanlima/Documents/projetoPet/mobile/src/components/PPText/PPText.tsx": {"path":"/Users/alanlima/Documents/projetoPet/mobile/src/components/PPText/PPText.tsx","statementMap":{"0":{"start":{"line":34,"column":41},"end":{"line":97,"column":1}},"1":{"start":{"line":42,"column":6},"end":{"line":42,"column":11}},"2":{"start":{"line":43,"column":16},"end":{"line":43,"column":37}},"3":{"start":{"line":44,"column":20},"end":{"line":44,"column":30}},"4":{"start":{"line":46,"column":25},"end":{"line":63,"column":3}},"5":{"start":{"line":47,"column":4},"end":{"line":62,"column":5}},"6":{"start":{"line":49,"column":8},"end":{"line":49,"column":27}},"7":{"start":{"line":51,"column":8},"end":{"line":51,"column":29}},"8":{"start":{"line":53,"column":8},"end":{"line":53,"column":28}},"9":{"start":{"line":55,"column":8},"end":{"line":55,"column":30}},"10":{"start":{"line":57,"column":8},"end":{"line":57,"column":26}},"11":{"start":{"line":59,"column":8},"end":{"line":59,"column":27}},"12":{"start":{"line":61,"column":8},"end":{"line":61,"column":14}},"13":{"start":{"line":65,"column":22},"end":{"line":84,"column":3}},"14":{"start":{"line":66,"column":4},"end":{"line":83,"column":5}},"15":{"start":{"line":68,"column":8},"end":{"line":68,"column":37}},"16":{"start":{"line":70,"column":8},"end":{"line":70,"column":37}},"17":{"start":{"line":72,"column":8},"end":{"line":72,"column":37}},"18":{"start":{"line":74,"column":8},"end":{"line":74,"column":37}},"19":{"start":{"line":76,"column":8},"end":{"line":76,"column":32}},"20":{"start":{"line":78,"column":8},"end":{"line":78,"column":33}},"21":{"start":{"line":80,"column":8},"end":{"line":80,"column":35}},"22":{"start":{"line":82,"column":8},"end":{"line":82,"column":14}},"23":{"start":{"line":86,"column":2},"end":{"line":96,"column":4}}},"fnMap":{"0":{"name":"(anonymous_0)","decl":{"start":{"line":34,"column":41},"end":{"line":34,"column":42}},"loc":{"start":{"line":34,"column":52},"end":{"line":97,"column":1}},"line":34},"1":{"name":"(anonymous_1)","decl":{"start":{"line":46,"column":25},"end":{"line":46,"column":26}},"loc":{"start":{"line":46,"column":31},"end":{"line":63,"column":3}},"line":46},"2":{"name":"(anonymous_2)","decl":{"start":{"line":65,"column":22},"end":{"line":65,"column":23}},"loc":{"start":{"line":65,"column":28},"end":{"line":84,"column":3}},"line":65}},"branchMap":{"0":{"loc":{"start":{"line":37,"column":4},"end":{"line":37,"column":18}},"type":"default-arg","locations":[{"start":{"line":37,"column":12},"end":{"line":37,"column":18}}],"line":37},"1":{"loc":{"start":{"line":39,"column":4},"end":{"line":39,"column":17}},"type":"default-arg","locations":[{"start":{"line":39,"column":11},"end":{"line":39,"column":17}}],"line":39},"2":{"loc":{"start":{"line":40,"column":4},"end":{"line":40,"column":21}},"type":"default-arg","locations":[{"start":{"line":40,"column":13},"end":{"line":40,"column":21}}],"line":40},"3":{"loc":{"start":{"line":47,"column":4},"end":{"line":62,"column":5}},"type":"switch","locations":[{"start":{"line":48,"column":6},"end":{"line":49,"column":27}},{"start":{"line":50,"column":6},"end":{"line":51,"column":29}},{"start":{"line":52,"column":6},"end":{"line":53,"column":28}},{"start":{"line":54,"column":6},"end":{"line":55,"column":30}},{"start":{"line":56,"column":6},"end":{"line":57,"column":26}},{"start":{"line":58,"column":6},"end":{"line":59,"column":27}},{"start":{"line":60,"column":6},"end":{"line":61,"column":14}}],"line":47},"4":{"loc":{"start":{"line":66,"column":4},"end":{"line":83,"column":5}},"type":"switch","locations":[{"start":{"line":67,"column":6},"end":{"line":68,"column":37}},{"start":{"line":69,"column":6},"end":{"line":70,"column":37}},{"start":{"line":71,"column":6},"end":{"line":72,"column":37}},{"start":{"line":73,"column":6},"end":{"line":74,"column":37}},{"start":{"line":75,"column":6},"end":{"line":76,"column":32}},{"start":{"line":77,"column":6},"end":{"line":78,"column":33}},{"start":{"line":79,"column":6},"end":{"line":80,"column":35}},{"start":{"line":81,"column":6},"end":{"line":82,"column":14}}],"line":66}},"s":{"0":2,"1":18,"2":18,"3":18,"4":18,"5":18,"6":0,"7":0,"8":12,"9":0,"10":6,"11":0,"12":0,"13":18,"14":18,"15":0,"16":0,"17":6,"18":0,"19":12,"20":0,"21":0,"22":0,"23":18},"f":{"0":18,"1":18,"2":18},"b":{"0":[12],"1":[12],"2":[12],"3":[0,0,12,0,6,0,0],"4":[0,0,6,0,12,0,0,0]},"_coverageSchema":"1a1c01bbd47fc00a2c39e90264f33305004495a9","hash":"d1fba1da917f6a5b204838b0c0716bc4b8fe6cbc"}
,"/Users/alanlima/Documents/projetoPet/mobile/src/contexts/index.tsx": {"path":"/Users/alanlima/Documents/projetoPet/mobile/src/contexts/index.tsx","statementMap":{"0":{"start":{"line":6,"column":34},"end":{"line":14,"column":1}},"1":{"start":{"line":7,"column":2},"end":{"line":13,"column":4}}},"fnMap":{"0":{"name":"(anonymous_0)","decl":{"start":{"line":6,"column":34},"end":{"line":6,"column":35}},"loc":{"start":{"line":6,"column":52},"end":{"line":14,"column":1}},"line":6}},"branchMap":{},"s":{"0":2,"1":6},"f":{"0":6},"b":{},"_coverageSchema":"1a1c01bbd47fc00a2c39e90264f33305004495a9","hash":"1cf100da79c58dad8dd5a06b52cbcd02112b9c27"}
,"/Users/alanlima/Documents/projetoPet/mobile/src/contexts/alert/alertContext.ts": {"path":"/Users/alanlima/Documents/projetoPet/mobile/src/contexts/alert/alertContext.ts","statementMap":{"0":{"start":{"line":4,"column":28},"end":{"line":4,"column":77}}},"fnMap":{},"branchMap":{},"s":{"0":2},"f":{},"b":{},"_coverageSchema":"1a1c01bbd47fc00a2c39e90264f33305004495a9","hash":"444c1e44a3e8820ebe8e5b52ddbc6869f739fe27"}
,"/Users/alanlima/Documents/projetoPet/mobile/src/contexts/alert/alertProvider.tsx": {"path":"/Users/alanlima/Documents/projetoPet/mobile/src/contexts/alert/alertProvider.tsx","statementMap":{"0":{"start":{"line":6,"column":39},"end":{"line":31,"column":1}},"1":{"start":{"line":7,"column":38},"end":{"line":9,"column":4}},"2":{"start":{"line":11,"column":15},"end":{"line":13,"column":3}},"3":{"start":{"line":12,"column":4},"end":{"line":12,"column":47}},"4":{"start":{"line":15,"column":16},"end":{"line":17,"column":3}},"5":{"start":{"line":16,"column":4},"end":{"line":16,"column":38}},"6":{"start":{"line":19,"column":2},"end":{"line":30,"column":4}}},"fnMap":{"0":{"name":"(anonymous_0)","decl":{"start":{"line":6,"column":39},"end":{"line":6,"column":40}},"loc":{"start":{"line":6,"column":57},"end":{"line":31,"column":1}},"line":6},"1":{"name":"(anonymous_1)","decl":{"start":{"line":11,"column":15},"end":{"line":11,"column":16}},"loc":{"start":{"line":11,"column":38},"end":{"line":13,"column":3}},"line":11},"2":{"name":"(anonymous_2)","decl":{"start":{"line":15,"column":16},"end":{"line":15,"column":17}},"loc":{"start":{"line":15,"column":22},"end":{"line":17,"column":3}},"line":15}},"branchMap":{},"s":{"0":2,"1":6,"2":6,"3":0,"4":6,"5":0,"6":6},"f":{"0":6,"1":0,"2":0},"b":{},"_coverageSchema":"1a1c01bbd47fc00a2c39e90264f33305004495a9","hash":"0d39070965b90d3a1ed21c02fdcfe78f2e675508"}
,"/Users/alanlima/Documents/projetoPet/mobile/src/contexts/auth/authContext.ts": {"path":"/Users/alanlima/Documents/projetoPet/mobile/src/contexts/auth/authContext.ts","statementMap":{"0":{"start":{"line":4,"column":27},"end":{"line":6,"column":1}}},"fnMap":{},"branchMap":{},"s":{"0":1},"f":{},"b":{},"_coverageSchema":"1a1c01bbd47fc00a2c39e90264f33305004495a9","hash":"40018e42e61fc201971e189fccc0656d4e8ac941"}
,"/Users/alanlima/Documents/projetoPet/mobile/src/contexts/auth/authProvider.tsx": {"path":"/Users/alanlima/Documents/projetoPet/mobile/src/contexts/auth/authProvider.tsx","statementMap":{"0":{"start":{"line":5,"column":38},"end":{"line":15,"column":1}},"1":{"start":{"line":6,"column":26},"end":{"line":6,"column":47}},"2":{"start":{"line":8,"column":17},"end":{"line":8,"column":25}},"3":{"start":{"line":10,"column":18},"end":{"line":10,"column":26}},"4":{"start":{"line":12,"column":2},"end":{"line":14,"column":4}}},"fnMap":{"0":{"name":"(anonymous_0)","decl":{"start":{"line":5,"column":38},"end":{"line":5,"column":39}},"loc":{"start":{"line":5,"column":56},"end":{"line":15,"column":1}},"line":5},"1":{"name":"(anonymous_1)","decl":{"start":{"line":8,"column":17},"end":{"line":8,"column":18}},"loc":{"start":{"line":8,"column":23},"end":{"line":8,"column":25}},"line":8},"2":{"name":"(anonymous_2)","decl":{"start":{"line":10,"column":18},"end":{"line":10,"column":19}},"loc":{"start":{"line":10,"column":24},"end":{"line":10,"column":26}},"line":10}},"branchMap":{},"s":{"0":1,"1":1,"2":1,"3":1,"4":1},"f":{"0":1,"1":0,"2":0},"b":{},"_coverageSchema":"1a1c01bbd47fc00a2c39e90264f33305004495a9","hash":"dfcd87288b1187f812e9fdee8d4fa481918527b8"}
,"/Users/alanlima/Documents/projetoPet/mobile/src/contexts/dimension/dimensionContext.ts": {"path":"/Users/alanlima/Documents/projetoPet/mobile/src/contexts/dimension/dimensionContext.ts","statementMap":{"0":{"start":{"line":4,"column":32},"end":{"line":6,"column":1}}},"fnMap":{},"branchMap":{},"s":{"0":2},"f":{},"b":{},"_coverageSchema":"1a1c01bbd47fc00a2c39e90264f33305004495a9","hash":"9959aacca4437113360ef3d91dbce7d76a727b42"}
,"/Users/alanlima/Documents/projetoPet/mobile/src/contexts/dimension/dimensionProvider.tsx": {"path":"/Users/alanlima/Documents/projetoPet/mobile/src/contexts/dimension/dimensionProvider.tsx","statementMap":{"0":{"start":{"line":8,"column":43},"end":{"line":46,"column":1}},"1":{"start":{"line":9,"column":36},"end":{"line":9,"column":75}},"2":{"start":{"line":11,"column":19},"end":{"line":36,"column":3}},"3":{"start":{"line":12,"column":30},"end":{"line":12,"column":54}},"4":{"start":{"line":13,"column":28},"end":{"line":13,"column":52}},"5":{"start":{"line":15,"column":6},"end":{"line":17,"column":34}},"6":{"start":{"line":19,"column":34},"end":{"line":28,"column":5}},"7":{"start":{"line":30,"column":4},"end":{"line":35,"column":7}},"8":{"start":{"line":31,"column":6},"end":{"line":33,"column":7}},"9":{"start":{"line":32,"column":8},"end":{"line":32,"column":25}},"10":{"start":{"line":34,"column":6},"end":{"line":34,"column":19}},"11":{"start":{"line":38,"column":2},"end":{"line":45,"column":4}},"12":{"start":{"line":48,"column":14},"end":{"line":50,"column":2}}},"fnMap":{"0":{"name":"(anonymous_0)","decl":{"start":{"line":8,"column":43},"end":{"line":8,"column":44}},"loc":{"start":{"line":8,"column":61},"end":{"line":46,"column":1}},"line":8},"1":{"name":"(anonymous_1)","decl":{"start":{"line":11,"column":19},"end":{"line":11,"column":20}},"loc":{"start":{"line":11,"column":49},"end":{"line":36,"column":3}},"line":11},"2":{"name":"(anonymous_2)","decl":{"start":{"line":30,"column":17},"end":{"line":30,"column":18}},"loc":{"start":{"line":30,"column":32},"end":{"line":35,"column":5}},"line":30}},"branchMap":{"0":{"loc":{"start":{"line":15,"column":6},"end":{"line":17,"column":34}},"type":"cond-expr","locations":[{"start":{"line":16,"column":10},"end":{"line":16,"column":35}},{"start":{"line":17,"column":10},"end":{"line":17,"column":34}}],"line":15},"1":{"loc":{"start":{"line":31,"column":6},"end":{"line":33,"column":7}},"type":"if","locations":[{"start":{"line":31,"column":6},"end":{"line":33,"column":7}},{"start":{},"end":{}}],"line":31}},"s":{"0":2,"1":6,"2":6,"3":0,"4":0,"5":0,"6":0,"7":0,"8":0,"9":0,"10":0,"11":6,"12":2},"f":{"0":6,"1":0,"2":0},"b":{"0":[0,0],"1":[0,0]},"_coverageSchema":"1a1c01bbd47fc00a2c39e90264f33305004495a9","hash":"8fc8699b1aeb1861143aaaeece5063d950d7582b"}
,"/Users/alanlima/Documents/projetoPet/mobile/src/contexts/dimension/helper.ts": {"path":"/Users/alanlima/Documents/projetoPet/mobile/src/contexts/dimension/helper.ts","statementMap":{"0":{"start":{"line":3,"column":29},"end":{"line":10,"column":1}},"1":{"start":{"line":4,"column":2},"end":{"line":8,"column":3}},"2":{"start":{"line":5,"column":4},"end":{"line":5,"column":26}},"3":{"start":{"line":6,"column":9},"end":{"line":8,"column":3}},"4":{"start":{"line":7,"column":4},"end":{"line":7,"column":27}},"5":{"start":{"line":9,"column":2},"end":{"line":9,"column":24}}},"fnMap":{"0":{"name":"(anonymous_0)","decl":{"start":{"line":3,"column":29},"end":{"line":3,"column":30}},"loc":{"start":{"line":3,"column":48},"end":{"line":10,"column":1}},"line":3}},"branchMap":{"0":{"loc":{"start":{"line":4,"column":2},"end":{"line":8,"column":3}},"type":"if","locations":[{"start":{"line":4,"column":2},"end":{"line":8,"column":3}},{"start":{"line":6,"column":9},"end":{"line":8,"column":3}}],"line":4},"1":{"loc":{"start":{"line":6,"column":9},"end":{"line":8,"column":3}},"type":"if","locations":[{"start":{"line":6,"column":9},"end":{"line":8,"column":3}},{"start":{},"end":{}}],"line":6}},"s":{"0":2,"1":0,"2":0,"3":0,"4":0,"5":0},"f":{"0":0},"b":{"0":[0,0],"1":[0,0]},"_coverageSchema":"1a1c01bbd47fc00a2c39e90264f33305004495a9","hash":"02db77eb11bb10ed94adec9dc49866cfc6759e91"}
,"/Users/alanlima/Documents/projetoPet/mobile/src/contexts/dimension/type.ts": {"path":"/Users/alanlima/Documents/projetoPet/mobile/src/contexts/dimension/type.ts","statementMap":{},"fnMap":{},"branchMap":{},"s":{},"f":{},"b":{},"_coverageSchema":"1a1c01bbd47fc00a2c39e90264f33305004495a9","hash":"7f95c283431a0cfa764e6e92eaf1eb8851043651"}
,"/Users/alanlima/Documents/projetoPet/mobile/src/contexts/theme/themeContext.ts": {"path":"/Users/alanlima/Documents/projetoPet/mobile/src/contexts/theme/themeContext.ts","statementMap":{"0":{"start":{"line":4,"column":28},"end":{"line":6,"column":1}}},"fnMap":{},"branchMap":{},"s":{"0":2},"f":{},"b":{},"_coverageSchema":"1a1c01bbd47fc00a2c39e90264f33305004495a9","hash":"eb5aaba0f8eb3fab0db889577920d143d2e3660d"}
,"/Users/alanlima/Documents/projetoPet/mobile/src/contexts/theme/themeProvider.tsx": {"path":"/Users/alanlima/Documents/projetoPet/mobile/src/contexts/theme/themeProvider.tsx","statementMap":{"0":{"start":{"line":8,"column":39},"end":{"line":54,"column":1}},"1":{"start":{"line":9,"column":28},"end":{"line":9,"column":69}},"2":{"start":{"line":11,"column":22},"end":{"line":20,"column":3}},"3":{"start":{"line":12,"column":4},"end":{"line":19,"column":5}},"4":{"start":{"line":14,"column":8},"end":{"line":14,"column":33}},"5":{"start":{"line":16,"column":8},"end":{"line":16,"column":32}},"6":{"start":{"line":18,"column":8},"end":{"line":18,"column":33}},"7":{"start":{"line":22,"column":22},"end":{"line":25,"column":8}},"8":{"start":{"line":24,"column":4},"end":{"line":24,"column":32}},"9":{"start":{"line":27,"column":21},"end":{"line":43,"column":41}},"10":{"start":{"line":29,"column":25},"end":{"line":29,"column":32}},"11":{"start":{"line":30,"column":4},"end":{"line":32,"column":5}},"12":{"start":{"line":31,"column":6},"end":{"line":31,"column":13}},"13":{"start":{"line":33,"column":4},"end":{"line":35,"column":5}},"14":{"start":{"line":34,"column":6},"end":{"line":34,"column":57}},"15":{"start":{"line":36,"column":4},"end":{"line":42,"column":5}},"16":{"start":{"line":37,"column":6},"end":{"line":37,"column":27}},"17":{"start":{"line":38,"column":6},"end":{"line":38,"column":44}},"18":{"start":{"line":40,"column":6},"end":{"line":40,"column":26}},"19":{"start":{"line":41,"column":6},"end":{"line":41,"column":45}},"20":{"start":{"line":45,"column":2},"end":{"line":47,"column":19}},"21":{"start":{"line":46,"column":4},"end":{"line":46,"column":17}},"22":{"start":{"line":49,"column":2},"end":{"line":53,"column":4}}},"fnMap":{"0":{"name":"(anonymous_0)","decl":{"start":{"line":8,"column":39},"end":{"line":8,"column":40}},"loc":{"start":{"line":8,"column":57},"end":{"line":54,"column":1}},"line":8},"1":{"name":"(anonymous_1)","decl":{"start":{"line":11,"column":22},"end":{"line":11,"column":23}},"loc":{"start":{"line":11,"column":69},"end":{"line":20,"column":3}},"line":11},"2":{"name":"(anonymous_2)","decl":{"start":{"line":22,"column":34},"end":{"line":22,"column":35}},"loc":{"start":{"line":22,"column":69},"end":{"line":25,"column":3}},"line":22},"3":{"name":"(anonymous_3)","decl":{"start":{"line":27,"column":33},"end":{"line":27,"column":34}},"loc":{"start":{"line":27,"column":45},"end":{"line":43,"column":3}},"line":27},"4":{"name":"(anonymous_4)","decl":{"start":{"line":45,"column":12},"end":{"line":45,"column":13}},"loc":{"start":{"line":45,"column":18},"end":{"line":47,"column":3}},"line":45}},"branchMap":{"0":{"loc":{"start":{"line":12,"column":4},"end":{"line":19,"column":5}},"type":"switch","locations":[{"start":{"line":13,"column":6},"end":{"line":14,"column":33}},{"start":{"line":15,"column":6},"end":{"line":16,"column":32}},{"start":{"line":17,"column":6},"end":{"line":18,"column":33}}],"line":12},"1":{"loc":{"start":{"line":30,"column":4},"end":{"line":32,"column":5}},"type":"if","locations":[{"start":{"line":30,"column":4},"end":{"line":32,"column":5}},{"start":{},"end":{}}],"line":30},"2":{"loc":{"start":{"line":33,"column":4},"end":{"line":35,"column":5}},"type":"if","locations":[{"start":{"line":33,"column":4},"end":{"line":35,"column":5}},{"start":{},"end":{}}],"line":33},"3":{"loc":{"start":{"line":36,"column":4},"end":{"line":42,"column":5}},"type":"if","locations":[{"start":{"line":36,"column":4},"end":{"line":42,"column":5}},{"start":{"line":39,"column":11},"end":{"line":42,"column":5}}],"line":36}},"s":{"0":2,"1":6,"2":6,"3":6,"4":6,"5":0,"6":0,"7":6,"8":6,"9":6,"10":6,"11":6,"12":0,"13":6,"14":0,"15":6,"16":6,"17":6,"18":0,"19":0,"20":6,"21":6,"22":6},"f":{"0":6,"1":6,"2":6,"3":6,"4":6},"b":{"0":[6,0,0],"1":[0,6],"2":[0,6],"3":[6,0]},"_coverageSchema":"1a1c01bbd47fc00a2c39e90264f33305004495a9","hash":"2eadb977f6c095709e894a2c4bb3a14ca60e6ccc"}
,"/Users/alanlima/Documents/projetoPet/mobile/src/contexts/theme/themes/dark.ts": {"path":"/Users/alanlima/Documents/projetoPet/mobile/src/contexts/theme/themes/dark.ts","statementMap":{"0":{"start":{"line":7,"column":32},"end":{"line":33,"column":1}},"1":{"start":{"line":35,"column":32},"end":{"line":44,"column":1}},"2":{"start":{"line":46,"column":30},"end":{"line":54,"column":1}},"3":{"start":{"line":56,"column":37},"end":{"line":61,"column":1}}},"fnMap":{},"branchMap":{},"s":{"0":2,"1":2,"2":2,"3":2},"f":{},"b":{},"_coverageSchema":"1a1c01bbd47fc00a2c39e90264f33305004495a9","hash":"adc30c861e80c1088ce07aa2b490bc020651143b"}
,"/Users/alanlima/Documents/projetoPet/mobile/src/contexts/theme/themes/index.ts": {"path":"/Users/alanlima/Documents/projetoPet/mobile/src/contexts/theme/themes/index.ts","statementMap":{},"fnMap":{},"branchMap":{},"s":{},"f":{},"b":{},"_coverageSchema":"1a1c01bbd47fc00a2c39e90264f33305004495a9","hash":"1e80dc72db3769c2a192bd127b676b84e54030fd"}
,"/Users/alanlima/Documents/projetoPet/mobile/src/contexts/theme/themes/light.ts": {"path":"/Users/alanlima/Documents/projetoPet/mobile/src/contexts/theme/themes/light.ts","statementMap":{"0":{"start":{"line":8,"column":32},"end":{"line":33,"column":1}},"1":{"start":{"line":35,"column":32},"end":{"line":44,"column":1}},"2":{"start":{"line":46,"column":30},"end":{"line":54,"column":1}},"3":{"start":{"line":56,"column":38},"end":{"line":61,"column":1}}},"fnMap":{},"branchMap":{},"s":{"0":2,"1":2,"2":2,"3":2},"f":{},"b":{},"_coverageSchema":"1a1c01bbd47fc00a2c39e90264f33305004495a9","hash":"1d8a66905a20cdd2072f14c522f3644ea70572c9"}
,"/Users/alanlima/Documents/projetoPet/mobile/src/hooks/index.ts": {"path":"/Users/alanlima/Documents/projetoPet/mobile/src/hooks/index.ts","statementMap":{},"fnMap":{},"branchMap":{},"s":{},"f":{},"b":{},"_coverageSchema":"1a1c01bbd47fc00a2c39e90264f33305004495a9","hash":"1a1620387067ede36b9a6eb02dc8cc6233522e40"}
,"/Users/alanlima/Documents/projetoPet/mobile/src/hooks/useAlert.ts": {"path":"/Users/alanlima/Documents/projetoPet/mobile/src/hooks/useAlert.ts","statementMap":{"0":{"start":{"line":4,"column":24},"end":{"line":7,"column":1}},"1":{"start":{"line":5,"column":23},"end":{"line":5,"column":47}},"2":{"start":{"line":6,"column":2},"end":{"line":6,"column":22}}},"fnMap":{"0":{"name":"(anonymous_0)","decl":{"start":{"line":4,"column":24},"end":{"line":4,"column":25}},"loc":{"start":{"line":4,"column":30},"end":{"line":7,"column":1}},"line":4}},"branchMap":{},"s":{"0":2,"1":0,"2":0},"f":{"0":0},"b":{},"_coverageSchema":"1a1c01bbd47fc00a2c39e90264f33305004495a9","hash":"4eb348283c9c4866f7770ad6269528dd8df83404"}
,"/Users/alanlima/Documents/projetoPet/mobile/src/hooks/useDimension.ts": {"path":"/Users/alanlima/Documents/projetoPet/mobile/src/hooks/useDimension.ts","statementMap":{"0":{"start":{"line":4,"column":28},"end":{"line":7,"column":1}},"1":{"start":{"line":5,"column":27},"end":{"line":5,"column":55}},"2":{"start":{"line":6,"column":2},"end":{"line":6,"column":26}}},"fnMap":{"0":{"name":"(anonymous_0)","decl":{"start":{"line":4,"column":28},"end":{"line":4,"column":29}},"loc":{"start":{"line":4,"column":34},"end":{"line":7,"column":1}},"line":4}},"branchMap":{},"s":{"0":2,"1":30,"2":30},"f":{"0":30},"b":{},"_coverageSchema":"1a1c01bbd47fc00a2c39e90264f33305004495a9","hash":"1a5d843ea23c832b0566e4abbb4bc05a56d6188b"}
,"/Users/alanlima/Documents/projetoPet/mobile/src/hooks/useStyle.ts": {"path":"/Users/alanlima/Documents/projetoPet/mobile/src/hooks/useStyle.ts","statementMap":{"0":{"start":{"line":6,"column":24},"end":{"line":11,"column":1}},"1":{"start":{"line":7,"column":16},"end":{"line":7,"column":26}},"2":{"start":{"line":8,"column":20},"end":{"line":8,"column":34}},"3":{"start":{"line":9,"column":16},"end":{"line":9,"column":49}},"4":{"start":{"line":10,"column":2},"end":{"line":10,"column":15}}},"fnMap":{"0":{"name":"(anonymous_0)","decl":{"start":{"line":6,"column":24},"end":{"line":6,"column":25}},"loc":{"start":{"line":6,"column":60},"end":{"line":11,"column":1}},"line":6}},"branchMap":{},"s":{"0":2,"1":30,"2":30,"3":30,"4":30},"f":{"0":30},"b":{},"_coverageSchema":"1a1c01bbd47fc00a2c39e90264f33305004495a9","hash":"f594dafa0bcac1e7fad391ce6a6cc6932719b02b"}
,"/Users/alanlima/Documents/projetoPet/mobile/src/hooks/useTheme.ts": {"path":"/Users/alanlima/Documents/projetoPet/mobile/src/hooks/useTheme.ts","statementMap":{"0":{"start":{"line":4,"column":24},"end":{"line":7,"column":1}},"1":{"start":{"line":5,"column":23},"end":{"line":5,"column":47}},"2":{"start":{"line":6,"column":2},"end":{"line":6,"column":22}}},"fnMap":{"0":{"name":"(anonymous_0)","decl":{"start":{"line":4,"column":24},"end":{"line":4,"column":25}},"loc":{"start":{"line":4,"column":30},"end":{"line":7,"column":1}},"line":4}},"branchMap":{},"s":{"0":2,"1":54,"2":54},"f":{"0":54},"b":{},"_coverageSchema":"1a1c01bbd47fc00a2c39e90264f33305004495a9","hash":"6a4c727f858e287b41376569b7581fb0ba590a48"}
}
