TN:
SF:src/components/index.ts
FNF:0
FNH:0
LF:0
LH:0
BRF:0
BRH:0
end_of_record
TN:
SF:src/components/PPAlert/PPAlert.style.ts
FN:14,(anonymous_0)
FNF:1
FNH:1
FNDA:6,(anonymous_0)
DA:14,2
DA:15,6
LF:2
LH:2
BRF:0
BRH:0
end_of_record
TN:
SF:src/components/PPAlert/PPAlert.tsx
FN:15,(anonymous_0)
FN:25,(anonymous_1)
FN:37,(anonymous_2)
FN:42,(anonymous_3)
FNF:4
FNH:2
FNDA:6,(anonymous_0)
FNDA:0,(anonymous_1)
FNDA:0,(anonymous_2)
FNDA:6,(anonymous_3)
DA:15,2
DA:16,6
DA:18,6
DA:20,6
DA:22,6
DA:23,6
DA:25,6
DA:26,0
DA:38,0
DA:42,6
DA:43,6
DA:57,6
LF:12
LH:10
BRDA:38,0,0,0
BRDA:38,0,1,0
BRDA:45,1,0,0
BRDA:45,1,1,6
BRDA:50,2,0,0
BRDA:50,2,1,6
BRF:6
BRH:2
end_of_record
TN:
SF:src/components/PPButton/PPButton.style.ts
FN:9,(anonymous_0)
FNF:1
FNH:1
FNDA:6,(anonymous_0)
DA:9,2
DA:10,6
LF:2
LH:2
BRF:0
BRH:0
end_of_record
TN:
SF:src/components/PPButton/PPButton.tsx
FN:14,(anonymous_0)
FNF:1
FNH:1
FNDA:6,(anonymous_0)
DA:14,2
DA:21,6
DA:23,6
LF:3
LH:3
BRDA:30,0,0,0
BRDA:30,0,1,6
BRDA:31,1,0,6
BRDA:31,1,1,2
BRDA:34,2,0,6
BRDA:34,2,1,6
BRF:6
BRH:5
end_of_record
TN:
SF:src/components/PPHeader/PPHeader.style.ts
FN:12,(anonymous_0)
FNF:1
FNH:0
FNDA:0,(anonymous_0)
DA:12,2
DA:13,0
LF:2
LH:1
BRF:0
BRH:0
end_of_record
TN:
SF:src/components/PPHeader/PPHeader.tsx
FN:12,(anonymous_0)
FN:27,(anonymous_1)
FN:41,(anonymous_2)
FN:47,(anonymous_3)
FNF:4
FNH:0
FNDA:0,(anonymous_0)
FNDA:0,(anonymous_1)
FNDA:0,(anonymous_2)
FNDA:0,(anonymous_3)
DA:12,2
DA:13,0
DA:15,0
DA:27,2
DA:32,0
DA:34,0
DA:42,0
DA:48,0
LF:8
LH:2
BRDA:17,0,0,0
BRDA:17,0,1,0
BRDA:17,1,0,0
BRDA:17,1,1,0
BRF:4
BRH:0
end_of_record
TN:
SF:src/components/PPIcon/PPIcon.tsx
FN:9,(anonymous_0)
FNF:1
FNH:0
FNDA:0,(anonymous_0)
DA:9,2
DA:10,0
LF:2
LH:1
BRF:0
BRH:0
end_of_record
TN:
SF:src/components/PPInput/PPInput.style.ts
FN:9,(anonymous_0)
FNF:1
FNH:0
FNDA:0,(anonymous_0)
DA:9,2
DA:10,0
LF:2
LH:1
BRF:0
BRH:0
end_of_record
TN:
SF:src/components/PPInput/PPInput.tsx
FN:8,(anonymous_0)
FNF:1
FNH:0
FNDA:0,(anonymous_0)
DA:8,2
DA:9,0
DA:11,0
LF:3
LH:1
BRF:0
BRH:0
end_of_record
TN:
SF:src/components/PPLoading/PPLoading.style.ts
FN:7,(anonymous_0)
FNF:1
FNH:0
FNDA:0,(anonymous_0)
DA:7,2
DA:8,0
LF:2
LH:1
BRF:0
BRH:0
end_of_record
TN:
SF:src/components/PPLoading/PPLoading.tsx
FN:6,(anonymous_0)
FNF:1
FNH:0
FNDA:0,(anonymous_0)
DA:6,2
DA:7,0
DA:8,0
DA:10,0
LF:4
LH:1
BRF:0
BRH:0
end_of_record
TN:
SF:src/components/PPScreen/PPScreen.style.ts
FN:9,(anonymous_0)
FNF:1
FNH:0
FNDA:0,(anonymous_0)
DA:9,2
DA:10,0
LF:2
LH:1
BRF:0
BRH:0
end_of_record
TN:
SF:src/components/PPScreen/PPScreen.tsx
FN:14,(anonymous_0)
FNF:1
FNH:0
FNDA:0,(anonymous_0)
DA:14,2
DA:15,0
DA:17,0
LF:3
LH:1
BRDA:19,0,0,0
BRDA:19,0,1,0
BRDA:20,1,0,0
BRDA:20,1,1,0
BRF:4
BRH:0
end_of_record
TN:
SF:src/components/PPSectionHeader/PPSectionHeader.style.ts
FN:8,(anonymous_0)
FNF:1
FNH:0
FNDA:0,(anonymous_0)
DA:8,2
DA:11,0
LF:2
LH:1
BRF:0
BRH:0
end_of_record
TN:
SF:src/components/PPSectionHeader/PPSectionHeader.tsx
FN:11,(anonymous_0)
FNF:1
FNH:0
FNDA:0,(anonymous_0)
DA:11,2
DA:15,0
DA:16,0
DA:18,0
LF:4
LH:1
BRF:0
BRH:0
end_of_record
TN:
SF:src/components/PPText/PPText.style.ts
FN:12,(anonymous_0)
FNF:1
FNH:1
FNDA:18,(anonymous_0)
DA:12,2
DA:13,18
LF:2
LH:2
BRF:0
BRH:0
end_of_record
TN:
SF:src/components/PPText/PPText.tsx
FN:34,(anonymous_0)
FN:46,(anonymous_1)
FN:65,(anonymous_2)
FNF:3
FNH:3
FNDA:18,(anonymous_0)
FNDA:18,(anonymous_1)
FNDA:18,(anonymous_2)
DA:34,2
DA:42,18
DA:43,18
DA:44,18
DA:46,18
DA:47,18
DA:49,0
DA:51,0
DA:53,12
DA:55,0
DA:57,6
DA:59,0
DA:61,0
DA:65,18
DA:66,18
DA:68,0
DA:70,0
DA:72,6
DA:74,0
DA:76,12
DA:78,0
DA:80,0
DA:82,0
DA:86,18
LF:24
LH:13
BRDA:37,0,0,12
BRDA:39,1,0,12
BRDA:40,2,0,12
BRDA:47,3,0,0
BRDA:47,3,1,0
BRDA:47,3,2,12
BRDA:47,3,3,0
BRDA:47,3,4,6
BRDA:47,3,5,0
BRDA:47,3,6,0
BRDA:66,4,0,0
BRDA:66,4,1,0
BRDA:66,4,2,6
BRDA:66,4,3,0
BRDA:66,4,4,12
BRDA:66,4,5,0
BRDA:66,4,6,0
BRDA:66,4,7,0
BRF:18
BRH:7
end_of_record
TN:
SF:src/contexts/index.tsx
FN:6,(anonymous_0)
FNF:1
FNH:1
FNDA:6,(anonymous_0)
DA:6,2
DA:7,6
LF:2
LH:2
BRF:0
BRH:0
end_of_record
TN:
SF:src/contexts/alert/alertContext.ts
FNF:0
FNH:0
DA:4,2
LF:1
LH:1
BRF:0
BRH:0
end_of_record
TN:
SF:src/contexts/alert/alertProvider.tsx
FN:6,(anonymous_0)
FN:11,(anonymous_1)
FN:15,(anonymous_2)
FNF:3
FNH:1
FNDA:6,(anonymous_0)
FNDA:0,(anonymous_1)
FNDA:0,(anonymous_2)
DA:6,2
DA:7,6
DA:11,6
DA:12,0
DA:15,6
DA:16,0
DA:19,6
LF:7
LH:5
BRF:0
BRH:0
end_of_record
TN:
SF:src/contexts/auth/authContext.ts
FNF:0
FNH:0
DA:4,1
LF:1
LH:1
BRF:0
BRH:0
end_of_record
TN:
SF:src/contexts/auth/authProvider.tsx
FN:5,(anonymous_0)
FN:8,(anonymous_1)
FN:10,(anonymous_2)
FNF:3
FNH:1
FNDA:1,(anonymous_0)
FNDA:0,(anonymous_1)
FNDA:0,(anonymous_2)
DA:5,1
DA:6,1
DA:8,1
DA:10,1
DA:12,1
LF:5
LH:5
BRF:0
BRH:0
end_of_record
TN:
SF:src/contexts/dimension/dimensionContext.ts
FNF:0
FNH:0
DA:4,2
LF:1
LH:1
BRF:0
BRH:0
end_of_record
TN:
SF:src/contexts/dimension/dimensionProvider.tsx
FN:8,(anonymous_0)
FN:11,(anonymous_1)
FN:30,(anonymous_2)
FNF:3
FNH:1
FNDA:6,(anonymous_0)
FNDA:0,(anonymous_1)
FNDA:0,(anonymous_2)
DA:8,2
DA:9,6
DA:11,6
DA:12,0
DA:13,0
DA:15,0
DA:19,0
DA:30,0
DA:31,0
DA:32,0
DA:34,0
DA:38,6
DA:48,2
LF:13
LH:5
BRDA:15,0,0,0
BRDA:15,0,1,0
BRDA:31,1,0,0
BRDA:31,1,1,0
BRF:4
BRH:0
end_of_record
TN:
SF:src/contexts/dimension/helper.ts
FN:3,(anonymous_0)
FNF:1
FNH:0
FNDA:0,(anonymous_0)
DA:3,2
DA:4,0
DA:5,0
DA:6,0
DA:7,0
DA:9,0
LF:6
LH:1
BRDA:4,0,0,0
BRDA:4,0,1,0
BRDA:6,1,0,0
BRDA:6,1,1,0
BRF:4
BRH:0
end_of_record
TN:
SF:src/contexts/dimension/type.ts
FNF:0
FNH:0
LF:0
LH:0
BRF:0
BRH:0
end_of_record
TN:
SF:src/contexts/theme/themeContext.ts
FNF:0
FNH:0
DA:4,2
LF:1
LH:1
BRF:0
BRH:0
end_of_record
TN:
SF:src/contexts/theme/themeProvider.tsx
FN:8,(anonymous_0)
FN:11,(anonymous_1)
FN:22,(anonymous_2)
FN:27,(anonymous_3)
FN:45,(anonymous_4)
FNF:5
FNH:5
FNDA:6,(anonymous_0)
FNDA:6,(anonymous_1)
FNDA:6,(anonymous_2)
FNDA:6,(anonymous_3)
FNDA:6,(anonymous_4)
DA:8,2
DA:9,6
DA:11,6
DA:12,6
DA:14,6
DA:16,0
DA:18,0
DA:22,6
DA:24,6
DA:27,6
DA:29,6
DA:30,6
DA:31,0
DA:33,6
DA:34,0
DA:36,6
DA:37,6
DA:38,6
DA:40,0
DA:41,0
DA:45,6
DA:46,6
DA:49,6
LF:23
LH:17
BRDA:12,0,0,6
BRDA:12,0,1,0
BRDA:12,0,2,0
BRDA:30,1,0,0
BRDA:30,1,1,6
BRDA:33,2,0,0
BRDA:33,2,1,6
BRDA:36,3,0,6
BRDA:36,3,1,0
BRF:9
BRH:4
end_of_record
TN:
SF:src/contexts/theme/themes/dark.ts
FNF:0
FNH:0
DA:7,2
DA:35,2
DA:46,2
DA:56,2
LF:4
LH:4
BRF:0
BRH:0
end_of_record
TN:
SF:src/contexts/theme/themes/index.ts
FNF:0
FNH:0
LF:0
LH:0
BRF:0
BRH:0
end_of_record
TN:
SF:src/contexts/theme/themes/light.ts
FNF:0
FNH:0
DA:8,2
DA:35,2
DA:46,2
DA:56,2
LF:4
LH:4
BRF:0
BRH:0
end_of_record
TN:
SF:src/hooks/index.ts
FNF:0
FNH:0
LF:0
LH:0
BRF:0
BRH:0
end_of_record
TN:
SF:src/hooks/useAlert.ts
FN:4,(anonymous_0)
FNF:1
FNH:0
FNDA:0,(anonymous_0)
DA:4,2
DA:5,0
DA:6,0
LF:3
LH:1
BRF:0
BRH:0
end_of_record
TN:
SF:src/hooks/useDimension.ts
FN:4,(anonymous_0)
FNF:1
FNH:1
FNDA:30,(anonymous_0)
DA:4,2
DA:5,30
DA:6,30
LF:3
LH:3
BRF:0
BRH:0
end_of_record
TN:
SF:src/hooks/useStyle.ts
FN:6,(anonymous_0)
FNF:1
FNH:1
FNDA:30,(anonymous_0)
DA:6,2
DA:7,30
DA:8,30
DA:9,30
DA:10,30
LF:5
LH:5
BRF:0
BRH:0
end_of_record
TN:
SF:src/hooks/useTheme.ts
FN:4,(anonymous_0)
FNF:1
FNH:1
FNDA:54,(anonymous_0)
DA:4,2
DA:5,54
DA:6,54
LF:3
LH:3
BRF:0
BRH:0
end_of_record
