TN:
SF:src/assets/images/bulldog.png
FNF:0
FNH:0
DA:1,2
LF:1
LH:1
BRF:0
BRH:0
end_of_record
TN:
SF:src/components/index.ts
FNF:0
FNH:0
LF:0
LH:0
BRF:0
BRH:0
end_of_record
TN:
SF:src/components/PPAlert/PPAlert.style.ts
FN:14,(anonymous_0)
FNF:1
FNH:1
FNDA:12,(anonymous_0)
DA:14,2
DA:15,12
LF:2
LH:2
BRF:0
BRH:0
end_of_record
TN:
SF:src/components/PPAlert/PPAlert.tsx
FN:15,(anonymous_0)
FN:25,(anonymous_1)
FN:37,(anonymous_2)
FN:42,(anonymous_3)
FNF:4
FNH:2
FNDA:12,(anonymous_0)
FNDA:0,(anonymous_1)
FNDA:0,(anonymous_2)
FNDA:12,(anonymous_3)
DA:15,2
DA:16,12
DA:18,12
DA:20,12
DA:22,12
DA:23,12
DA:25,12
DA:26,0
DA:38,0
DA:42,12
DA:43,12
DA:57,12
LF:12
LH:10
BRDA:38,0,0,0
BRDA:38,0,1,0
BRDA:45,1,0,0
BRDA:45,1,1,12
BRDA:50,2,0,0
BRDA:50,2,1,12
BRF:6
BRH:2
end_of_record
TN:
SF:src/components/PPButton/PPButton.style.ts
FN:10,(anonymous_0)
FNF:1
FNH:1
FNDA:8,(anonymous_0)
DA:10,2
DA:11,8
LF:2
LH:2
BRF:0
BRH:0
end_of_record
TN:
SF:src/components/PPButton/PPButton.tsx
FN:18,(anonymous_0)
FNF:1
FNH:1
FNDA:8,(anonymous_0)
DA:18,2
DA:28,8
DA:30,8
LF:3
LH:3
BRDA:37,0,0,0
BRDA:37,0,1,8
BRDA:38,1,0,8
BRDA:38,1,1,1
BRDA:43,2,0,8
BRDA:43,2,1,1
BRDA:46,3,0,8
BRDA:46,3,1,1
BRDA:50,4,0,1
BRDA:50,4,1,7
BRDA:53,5,0,1
BRDA:53,5,1,1
BRDA:56,6,0,7
BRDA:56,6,1,7
BRF:14
BRH:13
end_of_record
TN:
SF:src/components/PPCardItem/PPCardItem.style.ts
FN:12,(anonymous_0)
FNF:1
FNH:0
FNDA:0,(anonymous_0)
DA:12,2
DA:13,0
LF:2
LH:1
BRF:0
BRH:0
end_of_record
TN:
SF:src/components/PPCardItem/PPCardItem.tsx
FN:12,(anonymous_0)
FNF:1
FNH:0
FNDA:0,(anonymous_0)
DA:12,2
DA:13,0
DA:14,0
DA:16,0
LF:4
LH:1
BRF:0
BRH:0
end_of_record
TN:
SF:src/components/PPCarousel/PPCarousel.style.ts
FN:10,(anonymous_0)
FNF:1
FNH:0
FNDA:0,(anonymous_0)
DA:10,2
DA:11,0
LF:2
LH:1
BRF:0
BRH:0
end_of_record
TN:
SF:src/components/PPCarousel/PPCarousel.tsx
FN:11,(anonymous_0)
FN:17,(anonymous_1)
FNF:2
FNH:0
FNDA:0,(anonymous_0)
FNDA:0,(anonymous_1)
DA:11,2
DA:12,0
DA:13,0
DA:15,0
DA:17,0
LF:5
LH:1
BRF:0
BRH:0
end_of_record
TN:
SF:src/components/PPHeader/PPHeader.style.ts
FN:13,(anonymous_0)
FNF:1
FNH:0
FNDA:0,(anonymous_0)
DA:13,2
DA:14,0
LF:2
LH:1
BRF:0
BRH:0
end_of_record
TN:
SF:src/components/PPHeader/PPHeader.tsx
FN:12,(anonymous_0)
FN:28,(anonymous_1)
FN:43,(anonymous_2)
FN:49,(anonymous_3)
FNF:4
FNH:0
FNDA:0,(anonymous_0)
FNDA:0,(anonymous_1)
FNDA:0,(anonymous_2)
FNDA:0,(anonymous_3)
DA:12,2
DA:13,0
DA:15,0
DA:28,2
DA:34,0
DA:36,0
DA:44,0
DA:50,0
LF:8
LH:2
BRDA:17,0,0,0
BRDA:17,0,1,0
BRDA:17,1,0,0
BRDA:17,1,1,0
BRDA:37,2,0,0
BRDA:37,2,1,0
BRF:6
BRH:0
end_of_record
TN:
SF:src/components/PPIcon/PPIcon.tsx
FN:22,(anonymous_0)
FN:27,(anonymous_1)
FNF:2
FNH:2
FNDA:3,(anonymous_0)
FNDA:3,(anonymous_1)
DA:22,3
DA:27,3
DA:28,3
DA:29,2
DA:31,1
DA:34,3
LF:6
LH:6
BRDA:23,0,0,2
BRDA:28,1,0,2
BRDA:28,1,1,1
BRF:3
BRH:3
end_of_record
TN:
SF:src/components/PPInput/PPInput.style.ts
FN:10,(anonymous_0)
FNF:1
FNH:0
FNDA:0,(anonymous_0)
DA:10,2
DA:11,0
LF:2
LH:1
BRF:0
BRH:0
end_of_record
TN:
SF:src/components/PPInput/PPInput.tsx
FN:13,(anonymous_0)
FNF:1
FNH:0
FNDA:0,(anonymous_0)
DA:13,2
DA:19,0
DA:20,0
DA:22,0
LF:4
LH:1
BRDA:26,0,0,0
BRDA:26,0,1,0
BRDA:27,1,0,0
BRDA:27,1,1,0
BRDA:30,2,0,0
BRDA:30,2,1,0
BRF:6
BRH:0
end_of_record
TN:
SF:src/components/PPLoading/PPLoading.style.ts
FN:7,(anonymous_0)
FNF:1
FNH:0
FNDA:0,(anonymous_0)
DA:7,2
DA:8,0
LF:2
LH:1
BRF:0
BRH:0
end_of_record
TN:
SF:src/components/PPLoading/PPLoading.tsx
FN:6,(anonymous_0)
FNF:1
FNH:0
FNDA:0,(anonymous_0)
DA:6,2
DA:7,0
DA:8,0
DA:10,0
LF:4
LH:1
BRF:0
BRH:0
end_of_record
TN:
SF:src/components/PPScreen/PPScreen.style.ts
FN:9,(anonymous_0)
FNF:1
FNH:0
FNDA:0,(anonymous_0)
DA:9,2
DA:10,0
LF:2
LH:1
BRF:0
BRH:0
end_of_record
TN:
SF:src/components/PPScreen/PPScreen.tsx
FN:14,(anonymous_0)
FNF:1
FNH:0
FNDA:0,(anonymous_0)
DA:14,2
DA:15,0
DA:17,0
LF:3
LH:1
BRDA:19,0,0,0
BRDA:19,0,1,0
BRDA:20,1,0,0
BRDA:20,1,1,0
BRF:4
BRH:0
end_of_record
TN:
SF:src/components/PPSectionHeader/PPSectionHeader.style.ts
FN:8,(anonymous_0)
FNF:1
FNH:1
FNDA:4,(anonymous_0)
DA:8,2
DA:11,4
LF:2
LH:2
BRF:0
BRH:0
end_of_record
TN:
SF:src/components/PPSectionHeader/PPSectionHeader.tsx
FN:13,(anonymous_0)
FNF:1
FNH:1
FNDA:4,(anonymous_0)
DA:13,2
DA:19,4
DA:20,4
DA:22,4
LF:4
LH:4
BRDA:16,0,0,4
BRDA:17,1,0,4
BRDA:32,2,0,4
BRDA:32,2,1,2
BRDA:32,2,2,2
BRF:5
BRH:5
end_of_record
TN:
SF:src/components/PPText/PPText.style.ts
FN:12,(anonymous_0)
FNF:1
FNH:1
FNDA:37,(anonymous_0)
DA:12,2
DA:13,37
LF:2
LH:2
BRF:0
BRH:0
end_of_record
TN:
SF:src/components/PPText/PPText.tsx
FN:36,(anonymous_0)
FN:48,(anonymous_1)
FN:67,(anonymous_2)
FNF:3
FNH:3
FNDA:37,(anonymous_0)
FNDA:37,(anonymous_1)
FNDA:37,(anonymous_2)
DA:36,2
DA:44,37
DA:45,37
DA:46,37
DA:48,37
DA:49,37
DA:51,0
DA:53,0
DA:55,26
DA:57,0
DA:59,11
DA:61,0
DA:63,0
DA:67,37
DA:68,37
DA:70,0
DA:72,4
DA:74,12
DA:76,0
DA:78,21
DA:80,0
DA:82,0
DA:84,0
DA:88,37
LF:24
LH:14
BRDA:39,0,0,25
BRDA:41,1,0,19
BRDA:42,2,0,24
BRDA:49,3,0,0
BRDA:49,3,1,0
BRDA:49,3,2,26
BRDA:49,3,3,0
BRDA:49,3,4,11
BRDA:49,3,5,0
BRDA:49,3,6,0
BRDA:68,4,0,0
BRDA:68,4,1,4
BRDA:68,4,2,12
BRDA:68,4,3,0
BRDA:68,4,4,21
BRDA:68,4,5,0
BRDA:68,4,6,0
BRDA:68,4,7,0
BRF:18
BRH:8
end_of_record
TN:
SF:src/contexts/index.tsx
FN:7,(anonymous_0)
FNF:1
FNH:1
FNDA:12,(anonymous_0)
DA:7,2
DA:8,12
LF:2
LH:2
BRF:0
BRH:0
end_of_record
TN:
SF:src/contexts/alert/alertContext.ts
FNF:0
FNH:0
DA:4,2
LF:1
LH:1
BRF:0
BRH:0
end_of_record
TN:
SF:src/contexts/alert/alertProvider.tsx
FN:6,(anonymous_0)
FN:11,(anonymous_1)
FN:15,(anonymous_2)
FNF:3
FNH:1
FNDA:12,(anonymous_0)
FNDA:0,(anonymous_1)
FNDA:0,(anonymous_2)
DA:6,2
DA:7,12
DA:11,12
DA:12,0
DA:15,12
DA:16,0
DA:19,12
LF:7
LH:5
BRF:0
BRH:0
end_of_record
TN:
SF:src/contexts/auth/authContext.ts
FNF:0
FNH:0
DA:4,3
LF:1
LH:1
BRF:0
BRH:0
end_of_record
TN:
SF:src/contexts/auth/authProvider.tsx
FN:5,(anonymous_0)
FN:8,(anonymous_1)
FN:12,(anonymous_2)
FNF:3
FNH:1
FNDA:14,(anonymous_0)
FNDA:0,(anonymous_1)
FNDA:0,(anonymous_2)
DA:5,3
DA:6,14
DA:8,14
DA:9,0
DA:12,14
DA:13,0
DA:16,14
LF:7
LH:5
BRF:0
BRH:0
end_of_record
TN:
SF:src/contexts/dimension/dimensionContext.ts
FNF:0
FNH:0
DA:4,2
LF:1
LH:1
BRF:0
BRH:0
end_of_record
TN:
SF:src/contexts/dimension/dimensionProvider.tsx
FN:8,(anonymous_0)
FN:11,(anonymous_1)
FN:30,(anonymous_2)
FNF:3
FNH:1
FNDA:12,(anonymous_0)
FNDA:0,(anonymous_1)
FNDA:0,(anonymous_2)
DA:8,2
DA:9,12
DA:11,12
DA:12,0
DA:13,0
DA:15,0
DA:19,0
DA:30,0
DA:31,0
DA:32,0
DA:34,0
DA:38,12
DA:48,2
LF:13
LH:5
BRDA:15,0,0,0
BRDA:15,0,1,0
BRDA:31,1,0,0
BRDA:31,1,1,0
BRF:4
BRH:0
end_of_record
TN:
SF:src/contexts/dimension/helper.ts
FN:3,(anonymous_0)
FNF:1
FNH:0
FNDA:0,(anonymous_0)
DA:3,2
DA:4,0
DA:5,0
DA:6,0
DA:7,0
DA:9,0
LF:6
LH:1
BRDA:4,0,0,0
BRDA:4,0,1,0
BRDA:6,1,0,0
BRDA:6,1,1,0
BRF:4
BRH:0
end_of_record
TN:
SF:src/contexts/dimension/type.ts
FNF:0
FNH:0
LF:0
LH:0
BRF:0
BRH:0
end_of_record
TN:
SF:src/contexts/theme/themeContext.ts
FNF:0
FNH:0
DA:4,2
LF:1
LH:1
BRF:0
BRH:0
end_of_record
TN:
SF:src/contexts/theme/themeProvider.tsx
FN:8,(anonymous_0)
FN:11,(anonymous_1)
FN:22,(anonymous_2)
FN:27,(anonymous_3)
FN:45,(anonymous_4)
FNF:5
FNH:5
FNDA:12,(anonymous_0)
FNDA:12,(anonymous_1)
FNDA:12,(anonymous_2)
FNDA:12,(anonymous_3)
FNDA:12,(anonymous_4)
DA:8,2
DA:9,12
DA:11,12
DA:12,12
DA:14,12
DA:16,0
DA:18,0
DA:22,12
DA:24,12
DA:27,12
DA:29,12
DA:30,12
DA:31,0
DA:33,12
DA:34,0
DA:36,12
DA:37,12
DA:38,12
DA:40,0
DA:41,0
DA:45,12
DA:46,12
DA:49,12
LF:23
LH:17
BRDA:12,0,0,12
BRDA:12,0,1,0
BRDA:12,0,2,0
BRDA:30,1,0,0
BRDA:30,1,1,12
BRDA:33,2,0,0
BRDA:33,2,1,12
BRDA:36,3,0,12
BRDA:36,3,1,0
BRF:9
BRH:4
end_of_record
TN:
SF:src/contexts/theme/themes/dark.ts
FNF:0
FNH:0
DA:7,2
DA:35,2
DA:46,2
DA:56,2
LF:4
LH:4
BRF:0
BRH:0
end_of_record
TN:
SF:src/contexts/theme/themes/index.ts
FNF:0
FNH:0
LF:0
LH:0
BRF:0
BRH:0
end_of_record
TN:
SF:src/contexts/theme/themes/light.ts
FNF:0
FNH:0
DA:8,2
DA:35,2
DA:46,2
DA:56,2
LF:4
LH:4
BRF:0
BRH:0
end_of_record
TN:
SF:src/hooks/index.ts
FNF:0
FNH:0
LF:0
LH:0
BRF:0
BRH:0
end_of_record
TN:
SF:src/hooks/useAlert.ts
FN:4,(anonymous_0)
FNF:1
FNH:0
FNDA:0,(anonymous_0)
DA:4,2
DA:5,0
DA:6,0
LF:3
LH:1
BRF:0
BRH:0
end_of_record
TN:
SF:src/hooks/useDimension.ts
FN:4,(anonymous_0)
FNF:1
FNH:1
FNDA:61,(anonymous_0)
DA:4,2
DA:5,61
DA:6,61
LF:3
LH:3
BRF:0
BRH:0
end_of_record
TN:
SF:src/hooks/useStyle.ts
FN:6,(anonymous_0)
FNF:1
FNH:1
FNDA:61,(anonymous_0)
DA:6,2
DA:7,61
DA:8,61
DA:9,61
DA:10,61
LF:5
LH:5
BRF:0
BRH:0
end_of_record
TN:
SF:src/hooks/useTheme.ts
FN:4,(anonymous_0)
FNF:1
FNH:1
FNDA:114,(anonymous_0)
DA:4,2
DA:5,114
DA:6,114
LF:3
LH:3
BRF:0
BRH:0
end_of_record
